<?xml version="1.0" encoding="UTF-8"?>
<!-- Generated by org.testng.reporters.JUnitXMLReporter -->
<testsuite ignored="3" hostname="Anik" failures="0" tests="1" name="Default test" time="8.128" errors="0" timestamp="2023-04-03T13:26:01 CDT">
  <testcase classname="testPages.HomePageTest" name="clickTrackButtonTest" time="3.138"/>
  <testcase classname="testPages.HomePageTest" name="clickLoginButtonTest" time="0.0">
    <ignored/>
  </testcase> <!-- clickLoginButtonTest -->
  <testcase classname="testPages.HomePageTest" name="clickTrackingIdButtonTest" time="0.0">
    <ignored/>
  </testcase> <!-- clickTrackingIdButtonTest -->
  <testcase classname="testPages.HomePageTest" name="inputTextInTrackingIdButtonTest" time="0.0">
    <ignored/>
  </testcase> <!-- inputTextInTrackingIdButtonTest -->
</testsuite> <!-- Default test -->
