<?xml version="1.0" encoding="UTF-8"?>
<testng-results ignored="3" total="4" passed="1" failed="0" skipped="0">
  <reporter-output>
  </reporter-output>
  <suite started-at="2023-04-03T13:25:52 CDT" name="Default suite" finished-at="2023-04-03T13:26:01 CDT" duration-ms="8128">
    <groups>
    </groups>
    <test started-at="2023-04-03T13:25:52 CDT" name="Default test" finished-at="2023-04-03T13:26:01 CDT" duration-ms="8128">
      <class name="testPages.HomePageTest">
        <test-method is-config="true" signature="setUp()[pri:0, instance:testPages.HomePageTest@f0da945]" started-at="2023-04-03T13:25:52 CDT" name="setUp" finished-at="2023-04-03T13:25:57 CDT" duration-ms="4795" status="PASS">
          <reporter-output>
          </reporter-output>
        </test-method> <!-- setUp -->
        <test-method signature="clickTrackButtonTest()[pri:0, instance:testPages.HomePageTest@f0da945]" started-at="2023-04-03T13:25:57 CDT" name="clickTrackButtonTest" finished-at="2023-04-03T13:26:00 CDT" duration-ms="3138" status="PASS">
          <reporter-output>
          </reporter-output>
        </test-method> <!-- clickTrackButtonTest -->
        <test-method is-config="true" signature="tearUp()[pri:0, instance:testPages.HomePageTest@f0da945]" started-at="2023-04-03T13:26:00 CDT" name="tearUp" finished-at="2023-04-03T13:26:01 CDT" duration-ms="151" status="PASS">
          <reporter-output>
          </reporter-output>
        </test-method> <!-- tearUp -->
      </class> <!-- testPages.HomePageTest -->
    </test> <!-- Default test -->
  </suite> <!-- Default suite -->
</testng-results>
